Using pre-set license
Built from '2021.3/staging' branch; Version is '2021.3.21f1 (1b156197d683) revision 1774945'; Using compiler version '192829333'; Build Type 'Release'
OS: 'Windows 11  (10.0.22621) 64bit CoreSingleLanguage' Language: 'ru' Physical Memory: 8023 MB
BatchMode: 1, IsHumanControllingUs: 0, StartBugReporterOnCrash: 0, Is64bit: 1, IsPro: 1

COMMAND LINE ARGUMENTS:
C:\Program Files\Unity\Hub\Editor\2021.3.21f1\Editor\Unity.exe
-adb2
-batchMode
-noUpm
-name
AssetImportWorker0
-projectPath
C:/Users/leopa/Documents/GamePlatformer/TestGame
-logFile
Logs/AssetImportWorker0.log
-srvPort
63937
Successfully changed project path to: C:/Users/leopa/Documents/GamePlatformer/TestGame
C:/Users/leopa/Documents/GamePlatformer/TestGame
[UnityMemory] Configuration Parameters - Can be set up in boot.config
    "memorysetup-bucket-allocator-granularity=16"
    "memorysetup-bucket-allocator-bucket-count=8"
    "memorysetup-bucket-allocator-block-size=33554432"
    "memorysetup-bucket-allocator-block-count=8"
    "memorysetup-main-allocator-block-size=16777216"
    "memorysetup-thread-allocator-block-size=16777216"
    "memorysetup-gfx-main-allocator-block-size=16777216"
    "memorysetup-gfx-thread-allocator-block-size=16777216"
    "memorysetup-cache-allocator-block-size=4194304"
    "memorysetup-typetree-allocator-block-size=2097152"
    "memorysetup-profiler-bucket-allocator-granularity=16"
    "memorysetup-profiler-bucket-allocator-bucket-count=8"
    "memorysetup-profiler-bucket-allocator-block-size=33554432"
    "memorysetup-profiler-bucket-allocator-block-count=8"
    "memorysetup-profiler-allocator-block-size=16777216"
    "memorysetup-profiler-editor-allocator-block-size=1048576"
    "memorysetup-temp-allocator-size-main=16777216"
    "memorysetup-job-temp-allocator-block-size=2097152"
    "memorysetup-job-temp-allocator-block-size-background=1048576"
    "memorysetup-job-temp-allocator-reduction-small-platforms=262144"
    "memorysetup-temp-allocator-size-background-worker=32768"
    "memorysetup-temp-allocator-size-job-worker=262144"
    "memorysetup-temp-allocator-size-preload-manager=33554432"
    "memorysetup-temp-allocator-size-nav-mesh-worker=65536"
    "memorysetup-temp-allocator-size-audio-worker=65536"
    "memorysetup-temp-allocator-size-cloud-worker=32768"
    "memorysetup-temp-allocator-size-gi-baking-worker=262144"
    "memorysetup-temp-allocator-size-gfx=262144"
Player connection [19792] Host "[IP] 192.168.0.107 [Port] 0 [Flags] 2 [Guid] 2699614986 [EditorId] 2699614986 [Version] 1048832 [Id] WindowsEditor(7,LAPTOP-GKNBQ9HA) [Debug] 1 [PackageName] WindowsEditor [ProjectName] Editor" joined multi-casting on [225.0.0.222:54997]...

Player connection [19792] Host "[IP] 192.168.0.107 [Port] 0 [Flags] 2 [Guid] 2699614986 [EditorId] 2699614986 [Version] 1048832 [Id] WindowsEditor(7,LAPTOP-GKNBQ9HA) [Debug] 1 [PackageName] WindowsEditor [ProjectName] Editor" joined alternative multi-casting on [225.0.0.222:34997]...

Refreshing native plugins compatible for Editor in 208.14 ms, found 4 plugins.
Preloading 0 native plugins for Editor in 0.00 ms.
Initialize engine version: 2021.3.21f1 (1b156197d683)
[Subsystems] Discovering subsystems at path C:/Program Files/Unity/Hub/Editor/2021.3.21f1/Editor/Data/Resources/UnitySubsystems
[Subsystems] Discovering subsystems at path C:/Users/leopa/Documents/GamePlatformer/TestGame/Assets
GfxDevice: creating device client; threaded=0; jobified=0
Direct3D:
    Version:  Direct3D 11.0 [level 11.1]
    Renderer: NVIDIA GeForce RTX 3060 Laptop GPU (ID=0x2520)
    Vendor:   NVIDIA
    VRAM:     6023 MB
    Driver:   27.21.14.6179
Initialize mono
Mono path[0] = 'C:/Program Files/Unity/Hub/Editor/2021.3.21f1/Editor/Data/Managed'
Mono path[1] = 'C:/Program Files/Unity/Hub/Editor/2021.3.21f1/Editor/Data/MonoBleedingEdge/lib/mono/unityjit-win32'
Mono config path = 'C:/Program Files/Unity/Hub/Editor/2021.3.21f1/Editor/Data/MonoBleedingEdge/etc'
Using monoOptions --debugger-agent=transport=dt_socket,embedding=1,server=y,suspend=n,address=127.0.0.1:56472
Begin MonoManager ReloadAssembly
Registering precompiled unity dll's ...
Register platform support module: C:/Program Files/Unity/Hub/Editor/2021.3.21f1/Editor/Data/PlaybackEngines/WebGLSupport/UnityEditor.WebGL.Extensions.dll
Register platform support module: C:/Program Files/Unity/Hub/Editor/2021.3.21f1/Editor/Data/PlaybackEngines/AndroidPlayer/UnityEditor.Android.Extensions.dll
Register platform support module: C:/Program Files/Unity/Hub/Editor/2021.3.21f1/Editor/Data/PlaybackEngines/WindowsStandaloneSupport/UnityEditor.WindowsStandalone.Extensions.dll
Registered in 0.010110 seconds.
Native extension for WindowsStandalone target not found
Native extension for Android target not found
Android Extension - Scanning For ADB Devices 1953 ms
Native extension for WebGL target not found
Refreshing native plugins compatible for Editor in 155.28 ms, found 4 plugins.
Preloading 0 native plugins for Editor in 0.00 ms.
Mono: successfully reloaded assembly
- Completed reload, in  2.805 seconds
Domain Reload Profiling:
	ReloadAssembly (2805ms)
		BeginReloadAssembly (101ms)
			ExecutionOrderSort (0ms)
			DisableScriptedObjects (0ms)
			BackupInstance (0ms)
			ReleaseScriptingObjects (0ms)
			CreateAndSetChildDomain (1ms)
		EndReloadAssembly (2594ms)
			LoadAssemblies (100ms)
			RebuildTransferFunctionScriptingTraits (0ms)
			SetupTypeCache (121ms)
			ReleaseScriptCaches (0ms)
			RebuildScriptCaches (28ms)
			SetupLoadedEditorAssemblies (2389ms)
				LogAssemblyErrors (0ms)
				InitializePlatformSupportModulesInManaged (2090ms)
				SetLoadedEditorAssemblies (1ms)
				RefreshPlugins (155ms)
				BeforeProcessingInitializeOnLoad (2ms)
				ProcessInitializeOnLoadAttributes (95ms)
				ProcessInitializeOnLoadMethodAttributes (45ms)
				AfterProcessingInitializeOnLoad (0ms)
				EditorAssembliesLoaded (0ms)
			ExecutionOrderSort2 (0ms)
			AwakeInstancesAfterBackupRestoration (0ms)
Platform modules already initialized, skipping
Registering precompiled user dll's ...
Registered in 0.016745 seconds.
Begin MonoManager ReloadAssembly
Symbol file LoadedFromMemory doesn't match image C:\Users\leopa\Documents\GamePlatformer\TestGame\Library\PackageCache\com.unity.visualscripting@1.8.0\Editor\VisualScripting.Core\Dependencies\YamlDotNet\Unity.VisualScripting.YamlDotNet.dll
Symbol file LoadedFromMemory doesn't match image C:\Users\leopa\Documents\GamePlatformer\TestGame\Library\PackageCache\com.unity.visualscripting@1.8.0\Editor\VisualScripting.Core\Dependencies\DotNetZip\Unity.VisualScripting.IonicZip.dll
Native extension for WindowsStandalone target not found
Native extension for Android target not found
Native extension for WebGL target not found
Refreshing native plugins compatible for Editor in 102.88 ms, found 4 plugins.
Preloading 0 native plugins for Editor in 0.00 ms.
Mono: successfully reloaded assembly
- Completed reload, in  1.549 seconds
Domain Reload Profiling:
	ReloadAssembly (1550ms)
		BeginReloadAssembly (176ms)
			ExecutionOrderSort (0ms)
			DisableScriptedObjects (8ms)
			BackupInstance (0ms)
			ReleaseScriptingObjects (0ms)
			CreateAndSetChildDomain (22ms)
		EndReloadAssembly (1249ms)
			LoadAssemblies (184ms)
			RebuildTransferFunctionScriptingTraits (0ms)
			SetupTypeCache (338ms)
			ReleaseScriptCaches (1ms)
			RebuildScriptCaches (87ms)
			SetupLoadedEditorAssemblies (609ms)
				LogAssemblyErrors (0ms)
				InitializePlatformSupportModulesInManaged (17ms)
				SetLoadedEditorAssemblies (0ms)
				RefreshPlugins (103ms)
				BeforeProcessingInitializeOnLoad (99ms)
				ProcessInitializeOnLoadAttributes (329ms)
				ProcessInitializeOnLoadMethodAttributes (53ms)
				AfterProcessingInitializeOnLoad (7ms)
				EditorAssembliesLoaded (0ms)
			ExecutionOrderSort2 (0ms)
			AwakeInstancesAfterBackupRestoration (5ms)
Platform modules already initialized, skipping
========================================================================
Worker process is ready to serve import requests
Launched and connected shader compiler UnityShaderCompiler.exe after 0.08 seconds
Refreshing native plugins compatible for Editor in 1.38 ms, found 4 plugins.
Preloading 0 native plugins for Editor in 0.00 ms.
Unloading 3760 Unused Serialized files (Serialized files now loaded: 0)
Unloading 41 unused Assets / (228.8 KB). Loaded Objects now: 4217.
Memory consumption went from 143.4 MB to 143.2 MB.
Total: 3.914800 ms (FindLiveObjects: 0.616900 ms CreateObjectMapping: 0.487700 ms MarkObjects: 2.585700 ms  DeleteObjects: 0.223400 ms)

AssetImportParameters requested are different than current active one (requested -> active):
  custom:video-decoder-ogg-theora: a1e56fd34408186e4bbccfd4996cb3dc -> 
  custom:container-muxer-webm: aa71ff27fc2769a1b78a27578f13a17b -> 
  custom:container-demuxer-webm: 4f35f7cbe854078d1ac9338744f61a02 -> 
  custom:video-encoder-webm-vp8: eb34c28f22e8b96e1ab97ce403110664 -> 
  custom:audio-encoder-webm-vorbis: bf7c407c2cedff20999df2af8eb42d56 -> 
  custom:framework-win-MediaFoundation: 216162199b28c13a410421893ffa2e32 -> 
  custom:container-demuxer-ogg: 62fdf1f143b41e24485cea50d1cbac27 -> 
  custom:video-decoder-webm-vp8: 9c59270c3fd7afecdb556c50c9e8de78 -> 
  custom:audio-decoder-ogg-vorbis: bf7c407c2cedff20999df2af8eb42d56 -> 
========================================================================
Received Import Request.
  Time since last request: 596665.071962 seconds.
  path: Assets/Prefabe/Start.prefab
  artifactKey: Guid(2458b9cf23ba90247a3e80ee9f8ff7b4) Importer(815301076,1909f56bfc062723c751e8b465ee728b)
Start importing Assets/Prefabe/Start.prefab using Guid(2458b9cf23ba90247a3e80ee9f8ff7b4) Importer(815301076,1909f56bfc062723c751e8b465ee728b)  -> (artifact id: '5e7c7eecc23eb64f3564712dbf0639ae') in 0.259294 seconds 
========================================================================
Received Import Request.
  Time since last request: 0.000047 seconds.
  path: Assets/Prefabe/Spike.prefab
  artifactKey: Guid(5b5783bb146c02545b8bdebf462a883c) Importer(815301076,1909f56bfc062723c751e8b465ee728b)
Start importing Assets/Prefabe/Spike.prefab using Guid(5b5783bb146c02545b8bdebf462a883c) Importer(815301076,1909f56bfc062723c751e8b465ee728b)  -> (artifact id: 'e728e445285d403973dd342755a595bd') in 0.029238 seconds 
========================================================================
Received Import Request.
  Time since last request: 0.000051 seconds.
  path: Assets/Prefabe/fireBall.prefab
  artifactKey: Guid(a6e220586f7349c42ae527285782cc5d) Importer(815301076,1909f56bfc062723c751e8b465ee728b)
Start importing Assets/Prefabe/fireBall.prefab using Guid(a6e220586f7349c42ae527285782cc5d) Importer(815301076,1909f56bfc062723c751e8b465ee728b)  -> (artifact id: 'c76a713ca2840646366daf99d1722781') in 0.014481 seconds 
========================================================================
Received Prepare
Registering precompiled user dll's ...
Registered in 0.006758 seconds.
Begin MonoManager ReloadAssembly
Symbol file LoadedFromMemory doesn't match image C:\Users\leopa\Documents\GamePlatformer\TestGame\Library\PackageCache\com.unity.visualscripting@1.8.0\Editor\VisualScripting.Core\Dependencies\YamlDotNet\Unity.VisualScripting.YamlDotNet.dll
Symbol file LoadedFromMemory doesn't match image C:\Users\leopa\Documents\GamePlatformer\TestGame\Library\PackageCache\com.unity.visualscripting@1.8.0\Editor\VisualScripting.Core\Dependencies\DotNetZip\Unity.VisualScripting.IonicZip.dll
Native extension for WindowsStandalone target not found
Native extension for Android target not found
Native extension for WebGL target not found
Refreshing native plugins compatible for Editor in 1.96 ms, found 4 plugins.
Preloading 0 native plugins for Editor in 0.00 ms.
Mono: successfully reloaded assembly
- Completed reload, in  2.200 seconds
Domain Reload Profiling:
	ReloadAssembly (2201ms)
		BeginReloadAssembly (348ms)
			ExecutionOrderSort (0ms)
			DisableScriptedObjects (13ms)
			BackupInstance (0ms)
			ReleaseScriptingObjects (0ms)
			CreateAndSetChildDomain (76ms)
		EndReloadAssembly (1629ms)
			LoadAssemblies (284ms)
			RebuildTransferFunctionScriptingTraits (0ms)
			SetupTypeCache (564ms)
			ReleaseScriptCaches (5ms)
			RebuildScriptCaches (126ms)
			SetupLoadedEditorAssemblies (614ms)
				LogAssemblyErrors (0ms)
				InitializePlatformSupportModulesInManaged (42ms)
				SetLoadedEditorAssemblies (1ms)
				RefreshPlugins (2ms)
				BeforeProcessingInitializeOnLoad (126ms)
				ProcessInitializeOnLoadAttributes (353ms)
				ProcessInitializeOnLoadMethodAttributes (75ms)
				AfterProcessingInitializeOnLoad (13ms)
				EditorAssembliesLoaded (0ms)
			ExecutionOrderSort2 (0ms)
			AwakeInstancesAfterBackupRestoration (18ms)
Platform modules already initialized, skipping
Refreshing native plugins compatible for Editor in 4.20 ms, found 4 plugins.
Preloading 0 native plugins for Editor in 0.00 ms.
Unloading 3755 Unused Serialized files (Serialized files now loaded: 0)
Unloading 30 unused Assets / (196.4 KB). Loaded Objects now: 4233.
Memory consumption went from 147.6 MB to 147.4 MB.
Total: 9.127600 ms (FindLiveObjects: 0.517300 ms CreateObjectMapping: 1.847700 ms MarkObjects: 5.912600 ms  DeleteObjects: 0.848000 ms)

AssetImportParameters requested are different than current active one (requested -> active):
  custom:video-decoder-ogg-theora: a1e56fd34408186e4bbccfd4996cb3dc -> 
  custom:container-muxer-webm: aa71ff27fc2769a1b78a27578f13a17b -> 
  custom:container-demuxer-webm: 4f35f7cbe854078d1ac9338744f61a02 -> 
  custom:video-encoder-webm-vp8: eb34c28f22e8b96e1ab97ce403110664 -> 
  custom:audio-encoder-webm-vorbis: bf7c407c2cedff20999df2af8eb42d56 -> 
  custom:framework-win-MediaFoundation: 216162199b28c13a410421893ffa2e32 -> 
  custom:container-demuxer-ogg: 62fdf1f143b41e24485cea50d1cbac27 -> 
  custom:video-decoder-webm-vp8: 9c59270c3fd7afecdb556c50c9e8de78 -> 
  custom:audio-decoder-ogg-vorbis: bf7c407c2cedff20999df2af8eb42d56 -> 
========================================================================
Received Import Request.
  Time since last request: 142.138674 seconds.
  path: Assets/Prefabe/PrefabeLevel/level1.prefab
  artifactKey: Guid(b68cfbe5603642942baa534aa7dd1d06) Importer(815301076,1909f56bfc062723c751e8b465ee728b)
Start importing Assets/Prefabe/PrefabeLevel/level1.prefab using Guid(b68cfbe5603642942baa534aa7dd1d06) Importer(815301076,1909f56bfc062723c751e8b465ee728b)  -> (artifact id: 'e7664b132d00a52a1d8a34eda7b68bf7') in 0.163191 seconds 
========================================================================
Received Import Request.
  Time since last request: 14.763619 seconds.
  path: Assets/Prefabe/PrefabeLevel/level2.prefab
  artifactKey: Guid(29ea4e073ac88d845acce9bcd0fa8dbd) Importer(815301076,1909f56bfc062723c751e8b465ee728b)
Start importing Assets/Prefabe/PrefabeLevel/level2.prefab using Guid(29ea4e073ac88d845acce9bcd0fa8dbd) Importer(815301076,1909f56bfc062723c751e8b465ee728b)  -> (artifact id: 'afbe258ba5a92dcb01510347620247c7') in 0.083912 seconds 
========================================================================
Received Import Request.
  Time since last request: 3.924311 seconds.
  path: Assets/Prefabe/PrefabeLevel/level2.prefab
  artifactKey: Guid(29ea4e073ac88d845acce9bcd0fa8dbd) Importer(815301076,1909f56bfc062723c751e8b465ee728b)
Start importing Assets/Prefabe/PrefabeLevel/level2.prefab using Guid(29ea4e073ac88d845acce9bcd0fa8dbd) Importer(815301076,1909f56bfc062723c751e8b465ee728b)  -> (artifact id: 'dc156d0e7b73f16a87f4093b49869aa5') in 0.068881 seconds 
========================================================================
Received Import Request.
  Time since last request: 2.939176 seconds.
  path: Assets/Prefabe/PrefabeLevel/level2.prefab
  artifactKey: Guid(29ea4e073ac88d845acce9bcd0fa8dbd) Importer(815301076,1909f56bfc062723c751e8b465ee728b)
Start importing Assets/Prefabe/PrefabeLevel/level2.prefab using Guid(29ea4e073ac88d845acce9bcd0fa8dbd) Importer(815301076,1909f56bfc062723c751e8b465ee728b)  -> (artifact id: 'de1b932f7cfe417c7310eb02a8853baf') in 0.062711 seconds 
========================================================================
Received Import Request.
  Time since last request: 3.378361 seconds.
  path: Assets/Prefabe/PrefabeLevel/level2.prefab
  artifactKey: Guid(29ea4e073ac88d845acce9bcd0fa8dbd) Importer(815301076,1909f56bfc062723c751e8b465ee728b)
Start importing Assets/Prefabe/PrefabeLevel/level2.prefab using Guid(29ea4e073ac88d845acce9bcd0fa8dbd) Importer(815301076,1909f56bfc062723c751e8b465ee728b)  -> (artifact id: '2eee49a4d62a2d1f393ed311b2b823f9') in 0.060872 seconds 
========================================================================
Received Import Request.
  Time since last request: 4.165134 seconds.
  path: Assets/Prefabe/PrefabeLevel/level2.prefab
  artifactKey: Guid(29ea4e073ac88d845acce9bcd0fa8dbd) Importer(815301076,1909f56bfc062723c751e8b465ee728b)
Start importing Assets/Prefabe/PrefabeLevel/level2.prefab using Guid(29ea4e073ac88d845acce9bcd0fa8dbd) Importer(815301076,1909f56bfc062723c751e8b465ee728b)  -> (artifact id: 'c879dfa77c9de895b1ccc84c95eb83d3') in 0.061589 seconds 
========================================================================
Received Import Request.
  Time since last request: 22.632911 seconds.
  path: Assets/Prefabe/PrefabeLevel/level2.prefab
  artifactKey: Guid(29ea4e073ac88d845acce9bcd0fa8dbd) Importer(815301076,1909f56bfc062723c751e8b465ee728b)
Start importing Assets/Prefabe/PrefabeLevel/level2.prefab using Guid(29ea4e073ac88d845acce9bcd0fa8dbd) Importer(815301076,1909f56bfc062723c751e8b465ee728b)  -> (artifact id: '6f2de137eff8622fefbb1fadceb34d0f') in 0.070161 seconds 
========================================================================
Received Import Request.
  Time since last request: 9.798004 seconds.
  path: Assets/Prefabe/PrefabeLevel/level2.prefab
  artifactKey: Guid(29ea4e073ac88d845acce9bcd0fa8dbd) Importer(815301076,1909f56bfc062723c751e8b465ee728b)
Start importing Assets/Prefabe/PrefabeLevel/level2.prefab using Guid(29ea4e073ac88d845acce9bcd0fa8dbd) Importer(815301076,1909f56bfc062723c751e8b465ee728b)  -> (artifact id: 'd3e504a34b17ce0edfc6a722b42ffdc4') in 0.062698 seconds 
========================================================================
Received Import Request.
  Time since last request: 23.640476 seconds.
  path: Assets/Prefabe/PrefabeLevel/level2.prefab
  artifactKey: Guid(29ea4e073ac88d845acce9bcd0fa8dbd) Importer(815301076,1909f56bfc062723c751e8b465ee728b)
Start importing Assets/Prefabe/PrefabeLevel/level2.prefab using Guid(29ea4e073ac88d845acce9bcd0fa8dbd) Importer(815301076,1909f56bfc062723c751e8b465ee728b)  -> (artifact id: '1a00ca730cc61bcc232943d988ef7b7f') in 0.064912 seconds 
========================================================================
Received Import Request.
  Time since last request: 13.299057 seconds.
  path: Assets/Prefabe/PrefabeLevel/level2.prefab
  artifactKey: Guid(29ea4e073ac88d845acce9bcd0fa8dbd) Importer(815301076,1909f56bfc062723c751e8b465ee728b)
Start importing Assets/Prefabe/PrefabeLevel/level2.prefab using Guid(29ea4e073ac88d845acce9bcd0fa8dbd) Importer(815301076,1909f56bfc062723c751e8b465ee728b)  -> (artifact id: '11580500e5e2006a50537b1e956c3665') in 0.104828 seconds 
========================================================================
Received Import Request.
  Time since last request: 4.817214 seconds.
  path: Assets/Prefabe/PrefabeLevel/level2.prefab
  artifactKey: Guid(29ea4e073ac88d845acce9bcd0fa8dbd) Importer(815301076,1909f56bfc062723c751e8b465ee728b)
Start importing Assets/Prefabe/PrefabeLevel/level2.prefab using Guid(29ea4e073ac88d845acce9bcd0fa8dbd) Importer(815301076,1909f56bfc062723c751e8b465ee728b)  -> (artifact id: '34a343e2998beb3ba3e6a6b5d0a9612f') in 0.101100 seconds 
========================================================================
Received Import Request.
  Time since last request: 8.408548 seconds.
  path: Assets/Prefabe/PrefabeLevel/level2.prefab
  artifactKey: Guid(29ea4e073ac88d845acce9bcd0fa8dbd) Importer(815301076,1909f56bfc062723c751e8b465ee728b)
Start importing Assets/Prefabe/PrefabeLevel/level2.prefab using Guid(29ea4e073ac88d845acce9bcd0fa8dbd) Importer(815301076,1909f56bfc062723c751e8b465ee728b)  -> (artifact id: '0231c89f304eb795a1be9a3a0a97e4d3') in 0.165232 seconds 
========================================================================
Received Import Request.
  Time since last request: 6.909452 seconds.
  path: Assets/Prefabe/PrefabeLevel/level2.prefab
  artifactKey: Guid(29ea4e073ac88d845acce9bcd0fa8dbd) Importer(815301076,1909f56bfc062723c751e8b465ee728b)
Start importing Assets/Prefabe/PrefabeLevel/level2.prefab using Guid(29ea4e073ac88d845acce9bcd0fa8dbd) Importer(815301076,1909f56bfc062723c751e8b465ee728b)  -> (artifact id: '8bcec7ea7f9e4651b0a9e1a3c801fe98') in 0.102628 seconds 
========================================================================
Received Prepare
Registering precompiled user dll's ...
Registered in 0.009457 seconds.
Begin MonoManager ReloadAssembly
Symbol file LoadedFromMemory doesn't match image C:\Users\leopa\Documents\GamePlatformer\TestGame\Library\PackageCache\com.unity.visualscripting@1.8.0\Editor\VisualScripting.Core\Dependencies\YamlDotNet\Unity.VisualScripting.YamlDotNet.dll
Symbol file LoadedFromMemory doesn't match image C:\Users\leopa\Documents\GamePlatformer\TestGame\Library\PackageCache\com.unity.visualscripting@1.8.0\Editor\VisualScripting.Core\Dependencies\DotNetZip\Unity.VisualScripting.IonicZip.dll
Native extension for WindowsStandalone target not found
Native extension for Android target not found
Native extension for WebGL target not found
Refreshing native plugins compatible for Editor in 2.95 ms, found 4 plugins.
Preloading 0 native plugins for Editor in 0.00 ms.
Mono: successfully reloaded assembly
- Completed reload, in  2.201 seconds
Domain Reload Profiling:
	ReloadAssembly (2203ms)
		BeginReloadAssembly (364ms)
			ExecutionOrderSort (0ms)
			DisableScriptedObjects (12ms)
			BackupInstance (0ms)
			ReleaseScriptingObjects (0ms)
			CreateAndSetChildDomain (109ms)
		EndReloadAssembly (1636ms)
			LoadAssemblies (269ms)
			RebuildTransferFunctionScriptingTraits (0ms)
			SetupTypeCache (487ms)
			ReleaseScriptCaches (3ms)
			RebuildScriptCaches (98ms)
			SetupLoadedEditorAssemblies (687ms)
				LogAssemblyErrors (0ms)
				InitializePlatformSupportModulesInManaged (91ms)
				SetLoadedEditorAssemblies (1ms)
				RefreshPlugins (3ms)
				BeforeProcessingInitializeOnLoad (156ms)
				ProcessInitializeOnLoadAttributes (355ms)
				ProcessInitializeOnLoadMethodAttributes (68ms)
				AfterProcessingInitializeOnLoad (12ms)
				EditorAssembliesLoaded (0ms)
			ExecutionOrderSort2 (0ms)
			AwakeInstancesAfterBackupRestoration (24ms)
Platform modules already initialized, skipping
Refreshing native plugins compatible for Editor in 6.16 ms, found 4 plugins.
Preloading 0 native plugins for Editor in 0.00 ms.
Unloading 3755 Unused Serialized files (Serialized files now loaded: 0)
Unloading 30 unused Assets / (197.3 KB). Loaded Objects now: 4239.
Memory consumption went from 149.3 MB to 149.1 MB.
Total: 7.190000 ms (FindLiveObjects: 0.407600 ms CreateObjectMapping: 0.394800 ms MarkObjects: 6.184500 ms  DeleteObjects: 0.201900 ms)

AssetImportParameters requested are different than current active one (requested -> active):
  custom:video-decoder-ogg-theora: a1e56fd34408186e4bbccfd4996cb3dc -> 
  custom:container-muxer-webm: aa71ff27fc2769a1b78a27578f13a17b -> 
  custom:container-demuxer-webm: 4f35f7cbe854078d1ac9338744f61a02 -> 
  custom:video-encoder-webm-vp8: eb34c28f22e8b96e1ab97ce403110664 -> 
  custom:audio-encoder-webm-vorbis: bf7c407c2cedff20999df2af8eb42d56 -> 
  custom:framework-win-MediaFoundation: 216162199b28c13a410421893ffa2e32 -> 
  custom:container-demuxer-ogg: 62fdf1f143b41e24485cea50d1cbac27 -> 
  custom:video-decoder-webm-vp8: 9c59270c3fd7afecdb556c50c9e8de78 -> 
  custom:audio-decoder-ogg-vorbis: bf7c407c2cedff20999df2af8eb42d56 -> 
========================================================================
Received Import Request.
  Time since last request: 152.780451 seconds.
  path: Assets/Scenes/test.unity
  artifactKey: Guid(c952d147d1e17f840a13714c3dc107fd) Importer(815301076,1909f56bfc062723c751e8b465ee728b)
Start importing Assets/Scenes/test.unity using Guid(c952d147d1e17f840a13714c3dc107fd) Importer(815301076,1909f56bfc062723c751e8b465ee728b)  -> (artifact id: '93561b039066bfa1c049c132be52a5f0') in 0.018729 seconds 
